<?xml version="1.0" encoding="UTF-8"?>
<testng-results ignored="0" total="1" passed="1" failed="0" skipped="0">
  <reporter-output>
  </reporter-output>
  <suite started-at="2024-09-28T19:17:26 IST" name="Default suite" finished-at="2024-09-28T19:17:43 IST" duration-ms="17092">
    <groups>
    </groups>
    <test started-at="2024-09-28T19:17:26 IST" name="Default test" finished-at="2024-09-28T19:17:43 IST" duration-ms="17092">
      <class name="OrangeHRM.com.HRMS.NewTest">
        <test-method is-config="true" signature="beforeClass()[pri:0, instance:OrangeHRM.com.HRMS.NewTest@4d1c00d0]" started-at="2024-09-28T19:17:26 IST" name="beforeClass" finished-at="2024-09-28T19:17:31 IST" duration-ms="5683" status="PASS">
          <reporter-output>
          </reporter-output>
        </test-method> <!-- beforeClass -->
        <test-method signature="login()[pri:0, instance:OrangeHRM.com.HRMS.NewTest@4d1c00d0]" started-at="2024-09-28T19:17:31 IST" name="login" finished-at="2024-09-28T19:17:43 IST" duration-ms="11098" status="PASS">
          <reporter-output>
          </reporter-output>
        </test-method> <!-- login -->
        <test-method is-config="true" signature="afterClass()[pri:0, instance:OrangeHRM.com.HRMS.NewTest@4d1c00d0]" started-at="2024-09-28T19:17:43 IST" name="afterClass" finished-at="2024-09-28T19:17:43 IST" duration-ms="225" status="PASS">
          <reporter-output>
          </reporter-output>
        </test-method> <!-- afterClass -->
      </class> <!-- OrangeHRM.com.HRMS.NewTest -->
    </test> <!-- Default test -->
  </suite> <!-- Default suite -->
</testng-results>
